[debug] ----------------------------------------------------------------------
[debug] Command:      /usr/local/bin/node /usr/local/bin/firebase serve
[debug] CLI Version:  3.7.0
[debug] Platform:     darwin
[debug] Node Version: v7.10.0
[debug] Time:         Mon May 29 2017 12:58:00 GMT-0700 (PDT)
[debug] ----------------------------------------------------------------------
[debug] 
[debug] > command requires scopes: ["email","openid","https://www.googleapis.com/auth/cloudplatformprojects.readonly","https://www.googleapis.com/auth/firebase","https://www.googleapis.com/auth/cloud-platform"]
[debug] > refreshing access token with scopes: ["email","https://www.googleapis.com/auth/cloud-platform","https://www.googleapis.com/auth/cloudplatformprojects.readonly","https://www.googleapis.com/auth/firebase","openid"]
[debug] >>> HTTP REQUEST POST https://www.googleapis.com/oauth2/v3/token { refresh_token: '1/-SkfEiWDP373GxtP8MV9jcaMJnzwwk01ZiyS-aMLMUM',
  client_id: '563584335869-fgrhgmd47bqnekij5i8b5pr03ho849e6.apps.googleusercontent.com',
  client_secret: 'j9iVZfS8kkCEFUPaAeJV0sAi',
  grant_type: 'refresh_token',
  scope: 'email https://www.googleapis.com/auth/cloud-platform https://www.googleapis.com/auth/cloudplatformprojects.readonly https://www.googleapis.com/auth/firebase openid' } 
 Mon May 29 2017 12:58:00 GMT-0700 (PDT)
[debug] ----------------------------------------------------------------------
[debug] Command:      /usr/local/bin/node /usr/local/bin/firebase serve
[debug] CLI Version:  3.7.0
[debug] Platform:     darwin
[debug] Node Version: v7.10.0
[debug] Time:         Tue May 30 2017 10:30:05 GMT-0700 (PDT)
[debug] ----------------------------------------------------------------------
[debug] 
[debug] > command requires scopes: ["email","openid","https://www.googleapis.com/auth/cloudplatformprojects.readonly","https://www.googleapis.com/auth/firebase","https://www.googleapis.com/auth/cloud-platform"]
[debug] > refreshing access token with scopes: ["email","https://www.googleapis.com/auth/cloud-platform","https://www.googleapis.com/auth/cloudplatformprojects.readonly","https://www.googleapis.com/auth/firebase","openid"]
[debug] >>> HTTP REQUEST POST https://www.googleapis.com/oauth2/v3/token { refresh_token: '1/-SkfEiWDP373GxtP8MV9jcaMJnzwwk01ZiyS-aMLMUM',
  client_id: '563584335869-fgrhgmd47bqnekij5i8b5pr03ho849e6.apps.googleusercontent.com',
  client_secret: 'j9iVZfS8kkCEFUPaAeJV0sAi',
  grant_type: 'refresh_token',
  scope: 'email https://www.googleapis.com/auth/cloud-platform https://www.googleapis.com/auth/cloudplatformprojects.readonly https://www.googleapis.com/auth/firebase openid' } 
 Tue May 30 2017 10:30:05 GMT-0700 (PDT)
[debug] <<< HTTP RESPONSE 200
[debug] >>> HTTP REQUEST GET https://admin.firebase.com/v1/projects/pulo-934f2  
 Tue May 30 2017 10:30:06 GMT-0700 (PDT)
[debug] <<< HTTP RESPONSE 200
[debug] >>> HTTP REQUEST GET https://admin.firebase.com/v1/database/pulo-934f2/tokens  
 Tue May 30 2017 10:30:07 GMT-0700 (PDT)
[debug] <<< HTTP RESPONSE 200
[info] Starting Firebase development server...
[info] 
[info] Project Directory: /Users/katrinaezis/Capstone/peerio
[debug] >>> HTTP REQUEST GET https://cloudresourcemanager.googleapis.com/v1/projects/pulo-934f2  
 Tue May 30 2017 10:30:08 GMT-0700 (PDT)
[debug] <<< HTTP RESPONSE 200
[debug] >>> HTTP REQUEST GET https://mobilesdk-pa.googleapis.com/v1/projects/97969479543/clients/_:getWebAppConfig  
 Tue May 30 2017 10:30:08 GMT-0700 (PDT)
[debug] <<< HTTP RESPONSE 200
[info] Public Directory: ./
[info] 
[info] Server listening at: http://localhost:5000
